<?xml version="1.0" encoding="UTF-8"?>
<!-- Generated by org.testng.reporters.JUnitReportReporter -->
<testsuite hostname="ANILKUMAR" failures="0" tests="2" name="testCases.TC001_AccountRegistrationTest" time="45.467" errors="0" timestamp="2024-11-12T16:49:00 IST" skipped="0">
  <testcase classname="testCases.TC001_AccountRegistrationTest" name="verify_account_registration" time="11.846"/>
  <testcase classname="testCases.TC001_AccountRegistrationTest" name="verify_account_registration" time="33.621"/>
</testsuite> <!-- testCases.TC001_AccountRegistrationTest -->
