<?xml version="1.0" encoding="UTF-8"?>
<!-- Generated by org.testng.reporters.JUnitReportReporter -->
<testsuite hostname="ANILKUMAR" failures="0" tests="1" name="testCases.TC002_LoginTest" time="14.141" errors="0" timestamp="2024-11-13T16:46:25 IST" skipped="0">
  <testcase classname="testCases.TC002_LoginTest" name="verify_Login" time="14.141"/>
</testsuite> <!-- testCases.TC002_LoginTest -->
