<?xml version="1.0" encoding="UTF-8"?>
<!-- Generated by org.testng.reporters.JUnitReportReporter -->
<testsuite hostname="ANILKUMAR" failures="0" tests="5" name="testCases.TC003_LoginDDT" time="66.071" errors="0" timestamp="2024-11-12T12:10:29 IST" skipped="0">
  <testcase classname="testCases.TC003_LoginDDT" name="verify_loginDDT" time="14.946"/>
  <testcase classname="testCases.TC003_LoginDDT" name="verify_loginDDT" time="11.804"/>
  <testcase classname="testCases.TC003_LoginDDT" name="verify_loginDDT" time="11.895"/>
  <testcase classname="testCases.TC003_LoginDDT" name="verify_loginDDT" time="13.592"/>
  <testcase classname="testCases.TC003_LoginDDT" name="verify_loginDDT" time="13.834"/>
</testsuite> <!-- testCases.TC003_LoginDDT -->
